
 [09:48:21.636] Execution of the command sfdmu:run has been started.

 LOADING AND VALIDATING THE EXPORT.JSON SCRIPT ...

 OBJECT SET #1 STARTED

 {
   "Running Plugin version": "4.30.0"
}
 {
   "Running Add-On API version": "1.5.0"
}

 [09:48:21.640] Loading Core Add-On Module declarations ...
 [09:48:21.679] Connecting to the cpqwebinar1 using SFDX force:org:display ...
 [09:48:24.633] Successfully connected to the cpqwebinar1.
 [09:48:25.190] Connecting to the cpqwebinar3 using SFDX force:org:display ...
 [09:48:28.92] Successfully connected to the cpqwebinar3.
 {
   "Source": "cpqwebinar1.",
   "Target": "cpqwebinar3.",
   "Package script": "/Users/pgonzalez/Documents/apps/cpq-data/export.json."
}

 GETTING AND ANALYSING OBJECT METADATA ...
 [09:48:28.754] Processing the object Product2 ...
 [09:48:28.754] Fetching metadata of the Product2 (Source) ...
 [09:48:29.186] Fetching metadata of the Product2 (Target) ...
 [09:48:29.828] Processing the object SBQQ__ProductFeature__c ...
 [09:48:29.829] Fetching metadata of the SBQQ__ProductFeature__c (Source) ...
 [09:48:30.129] Fetching metadata of the SBQQ__ProductFeature__c (Target) ...
 [09:48:30.590] Processing the object SBQQ__ProductOption__c ...
 [09:48:30.592] Fetching metadata of the SBQQ__ProductOption__c (Source) ...
 [09:48:30.946] Fetching metadata of the SBQQ__ProductOption__c (Target) ...
 [09:48:31.519] Fetching metadata of the Group (Source) ...
 [09:48:31.947] Processing the object SBQQ__ProductOption__c ...
 [09:48:31.949] Processing the object SBQQ__ProductFeature__c ...
 [09:48:31.949] Processing the object Product2 ...

 PREPARING DATA MIGRATION JOB ...
 [09:48:31.951] Building the migration strategy ...
 {
   "Order of objects to query": "Product2; SBQQ__ProductFeature__c; SBQQ__ProductOption__c"
}
 {
   "Order of objects to delete": "SBQQ__ProductOption__c; SBQQ__ProductFeature__c; Product2"
}
 {
   "Order of objects to update": "Product2; SBQQ__ProductFeature__c; SBQQ__ProductOption__c"
}
 [09:48:31.955] Preparing of the data migration job has been completed.

 ANALYSING DATA...
 [09:48:32.99] {Product2} The original query string of this object is returning 161 records from the Source org.
 [09:48:32.279] {Product2} The original query string of this object is returning 0 records from the Target org.
 [09:48:32.455] {SBQQ__ProductFeature__c} The original query string of this object is returning 26 records from the Source org.
 [09:48:32.619] {SBQQ__ProductFeature__c} The original query string of this object is returning 0 records from the Target org.
 [09:48:32.800] {SBQQ__ProductOption__c} The original query string of this object is returning 81 records from the Source org.
 [09:48:32.961] {SBQQ__ProductOption__c} The original query string of this object is returning 0 records from the Target org.

 TRIGGERING ADD-ON EVENTS ...
 [09:48:32.963] No Add-On modules found to run.

 [09:48:32.964] Ready to process the data.

 DELETING OLD DATA FROM THE TARGET ...
 [09:48:32.965] {SBQQ__ProductOption__c} No records to delete.
 [09:48:32.965] {SBQQ__ProductFeature__c} No records to delete.
 [09:48:32.965] {Product2} No records to delete.
 [09:48:32.966] Deleting data was skipped.

 SOURCE:
 =============

 FETCHING THE DATA (STAGE 1) ...
 [09:48:32.968] {Product2} Fetching the Source data from Org (STAGE 1: all records) ...
 [09:48:32.968] {Product2} Query string: SELECT Id, Name, Family, ProductCode  FROM  Product2.
 [09:48:33.212] {Product2} Data retrieval (Source) has been completed. Got 161 new records.
 [09:48:33.213] {SBQQ__ProductFeature__c} Fetching the Source data from Org (STAGE 1: all records) ...
 [09:48:33.213] {SBQQ__ProductFeature__c} Query string: SELECT Id, Name, SBQQ__ConfiguredSKU__c, $$Name$SBQQ__ConfiguredSKU__c, SBQQ__ConfiguredSKU__r.ProductCode  FROM  SBQQ__ProductFeature__c.
 [09:48:33.395] {SBQQ__ProductFeature__c} Data retrieval (Source) has been completed. Got 26 new records.
 [09:48:33.396] {SBQQ__ProductOption__c} Fetching the Source data from Org (STAGE 1: all records) ...
 [09:48:33.396] {SBQQ__ProductOption__c} Query string: SELECT Id, Name, SBQQ__ConfiguredSKU__c, SBQQ__OptionalSKU__c, SBQQ__Feature__c, $$Name$SBQQ__ConfiguredSKU__c$SBQQ__OptionalSKU__c$SBQQ__Feature__c, SBQQ__ConfiguredSKU__r.ProductCode, SBQQ__OptionalSKU__r.ProductCode, SBQQ__Feature__r.$$Name$SBQQ__... FROM  SBQQ__ProductOption__c.
 [09:48:33.706] {SBQQ__ProductOption__c} Data retrieval (Source) has been completed. Got 81 new records.
 [09:48:33.707] Data retrieval (STAGE 1) has been completed.

 FETCHING THE DATA (STAGE 2) ...
 [09:48:33.709] PASS 1
 =============
 [09:48:33.709] No records

 [09:48:33.709] PASS 2
 =============
 [09:48:33.709] No records

 [09:48:33.710] PASS 3
 =============
 [09:48:33.710] No records

 [09:48:33.710] PASS 4
 =============
 [09:48:33.710] No records

 TARGET:
 =============
 [09:48:33.712] {Product2} Fetching the Target data from Org (STAGE 2: all records) ...
 [09:48:33.712] {Product2} Query string: SELECT Id, Name, Family, ProductCode  FROM  Product2.
 [09:48:33.887] {Product2} Data retrieval (Target) has been completed. Got 0 new records.
 [09:48:33.888] {SBQQ__ProductFeature__c} Fetching the Target data from Org (STAGE 2: all records) ...
 [09:48:33.888] {SBQQ__ProductFeature__c} Query string: SELECT Id, Name, SBQQ__ConfiguredSKU__c, $$Name$SBQQ__ConfiguredSKU__c, SBQQ__ConfiguredSKU__r.ProductCode  FROM  SBQQ__ProductFeature__c.
 [09:48:34.69] {SBQQ__ProductFeature__c} Data retrieval (Target) has been completed. Got 0 new records.
 [09:48:34.70] {SBQQ__ProductOption__c} Fetching the Target data from Org (STAGE 2: all records) ...
 [09:48:34.70] {SBQQ__ProductOption__c} Query string: SELECT Id, Name, SBQQ__ConfiguredSKU__c, SBQQ__OptionalSKU__c, SBQQ__Feature__c, $$Name$SBQQ__ConfiguredSKU__c$SBQQ__OptionalSKU__c$SBQQ__Feature__c, SBQQ__ConfiguredSKU__r.ProductCode, SBQQ__OptionalSKU__r.ProductCode, SBQQ__Feature__r.$$Name$SBQQ__... FROM  SBQQ__ProductOption__c.
 [09:48:34.245] {SBQQ__ProductOption__c} Data retrieval (Target) has been completed. Got 0 new records.
 [09:48:34.246] Data retrieval (STAGE 2) has been completed.

 TRIGGERING ADD-ON EVENTS ...
 [09:48:34.246] No Add-On modules found to run.


 DATA RETRIEVAL SUMMARY.
 [09:48:34.247] {Product2} The total amount of the retrieved records: 161/0.
 [09:48:34.247] {SBQQ__ProductFeature__c} The total amount of the retrieved records: 26/0.
 [09:48:34.247] {SBQQ__ProductOption__c} The total amount of the retrieved records: 81/0.

 UPDATING THE TARGET (STAGE 1) ...
 [09:48:34.249] {Product2} Amount of records to Insert: 161.
 [09:48:34.251] {Product2} The Insert API operation has been started using REST API.
 [09:48:34.251] [Job# REST:Insert] {Product2} The job has been created. Uploading data ...
 [09:48:35.573] {Product2} The Insert API operation has been completed.
 [09:48:35.575] {Product2} The Target has been updated. Totally processed 161 records.

 [09:48:35.577] {SBQQ__ProductFeature__c} Amount of records to Insert: 26.
 [09:48:35.578] {SBQQ__ProductFeature__c} The Insert API operation has been started using REST API.
 [09:48:35.578] [Job# REST:Insert] {SBQQ__ProductFeature__c} The job has been created. Uploading data ...
 [09:48:35.787] [WARN] [Batch# REST:Insert] {SBQQ__ProductFeature__c} Completed with issues. 26 records processed, 26 records failed.
 [09:48:35.795] {SBQQ__ProductFeature__c} The Insert API operation has been completed.
 [09:48:35.796] {SBQQ__ProductFeature__c} The Target has been updated. Totally processed 26 records.

 [09:48:35.799] [WARN] {SBQQ__ProductOption__c} 67 missing parent lookup records were found. See MissingParentRecordsReport.csv file for the details.

 [09:48:40.581] {SBQQ__ProductOption__c} Amount of records to Insert: 81.
 [09:48:40.582] {SBQQ__ProductOption__c} The Insert API operation has been started using REST API.
 [09:48:40.583] [Job# REST:Insert] {SBQQ__ProductOption__c} The job has been created. Uploading data ...
 [09:48:41.208] [WARN] [Batch# REST:Insert] {SBQQ__ProductOption__c} Completed with issues. 81 records processed, 81 records failed.
 [09:48:41.210] {SBQQ__ProductOption__c} The Insert API operation has been completed.
 [09:48:41.211] {SBQQ__ProductOption__c} The Target has been updated. Totally processed 81 records.


 [09:48:41.212] The Target (STAGE 1) has been updated. Totally processed 268 records.

 UPDATING THE TARGET (STAGE 2) ...

 [09:48:41.212] PASS 1
 =============
 [09:48:41.215] [WARN] {SBQQ__ProductOption__c} 67 missing parent lookup records were found. See MissingParentRecordsReport.csv file for the details.

 [09:48:41.216] PASS 2
 =============
 [09:48:41.219] [WARN] {SBQQ__ProductOption__c} 67 missing parent lookup records were found. See MissingParentRecordsReport.csv file for the details.

 [09:48:41.219] Nothing was updated.

 TRIGGERING ADD-ON EVENTS ...
 [09:48:41.220] No Add-On modules found to run.


 DATA PROCESSING SUMMARY.
 [09:48:41.220] {Product2} Totally processed 161 records.
 [09:48:41.220] {SBQQ__ProductFeature__c} Totally processed 26 records.
 [09:48:41.220] {SBQQ__ProductOption__c} Totally processed 81 records.

 [09:48:41.221] Writing to /Users/pgonzalez/Documents/apps/cpq-data/MissingParentRecordsReport.csv ...


 TRIGGERING ADD-ON EVENTS ...
 [09:48:41.226] No Add-On modules found to run.


 [09:48:41.226] Command succeeded.
 [09:48:41.226] Execution of the command sfdmu:run has been completed. Exit code 0 (SUCCESS).
 [09:48:41.227] Total time elapsed: 00h 00m 19s 591ms .