
 [11:26:49.324] Execution of the command sfdmu:run has been started.

 LOADING AND VALIDATING THE EXPORT.JSON SCRIPT ...

 OBJECT SET #1 STARTED

 {
   "Running Plugin version": "4.30.0"
}
 {
   "Running Add-On API version": "1.5.0"
}

 [11:26:49.329] Loading Core Add-On Module declarations ...
 [11:26:49.370] Connecting to the cpqwebinar1 using SFDX force:org:display ...
 [11:26:52.337] Successfully connected to the cpqwebinar1.
 [11:26:52.871] Connecting to the cpqwebinar3 using SFDX force:org:display ...
 [11:26:55.852] Successfully connected to the cpqwebinar3.
 {
   "Source": "cpqwebinar1.",
   "Target": "cpqwebinar3.",
   "Package script": "/Users/pgonzalez/Documents/apps/cpq-data/export.json."
}

 GETTING AND ANALYSING OBJECT METADATA ...
 [11:26:56.455] Processing the object Product2 ...
 [11:26:56.455] Fetching metadata of the Product2 (Source) ...
 [11:26:56.914] Fetching metadata of the Product2 (Target) ...
 [11:26:57.600] Processing the object SBQQ__ProductFeature__c ...
 [11:26:57.602] Fetching metadata of the SBQQ__ProductFeature__c (Source) ...
 [11:26:57.869] Fetching metadata of the SBQQ__ProductFeature__c (Target) ...
 [11:26:58.372] Processing the object SBQQ__ProductOption__c ...
 [11:26:58.373] Fetching metadata of the SBQQ__ProductOption__c (Source) ...
 [11:26:58.741] Fetching metadata of the SBQQ__ProductOption__c (Target) ...
 [11:26:59.311] Fetching metadata of the Group (Source) ...
 [11:26:59.607] Processing the object SBQQ__ProductOption__c ...
 [11:26:59.609] Processing the object SBQQ__ProductFeature__c ...
 [11:26:59.609] Processing the object Product2 ...

 PREPARING DATA MIGRATION JOB ...
 [11:26:59.611] Building the migration strategy ...
 {
   "Order of objects to query": "Product2; SBQQ__ProductFeature__c; SBQQ__ProductOption__c"
}
 {
   "Order of objects to delete": "SBQQ__ProductOption__c; SBQQ__ProductFeature__c; Product2"
}
 {
   "Order of objects to update": "Product2; SBQQ__ProductFeature__c; SBQQ__ProductOption__c"
}
 [11:26:59.613] Preparing of the data migration job has been completed.

 ANALYSING DATA...
 [11:26:59.768] {Product2} The original query string of this object is returning 161 records from the Source org.
 [11:26:59.953] {Product2} The original query string of this object is returning 0 records from the Target org.
 [11:27:00.122] {SBQQ__ProductFeature__c} The original query string of this object is returning 26 records from the Source org.
 [11:27:00.323] {SBQQ__ProductFeature__c} The original query string of this object is returning 0 records from the Target org.
 [11:27:00.481] {SBQQ__ProductOption__c} The original query string of this object is returning 81 records from the Source org.
 [11:27:00.656] {SBQQ__ProductOption__c} The original query string of this object is returning 0 records from the Target org.

 TRIGGERING ADD-ON EVENTS ...
 [11:27:00.657] No Add-On modules found to run.

 [11:27:00.658] Ready to process the data.

 DELETING OLD DATA FROM THE TARGET ...
 [11:27:00.658] {SBQQ__ProductOption__c} No records to delete.
 [11:27:00.658] {SBQQ__ProductFeature__c} No records to delete.
 [11:27:00.658] {Product2} No records to delete.
 [11:27:00.659] Deleting data was skipped.

 SOURCE:
 =============

 FETCHING THE DATA (STAGE 1) ...
 [11:27:00.660] {Product2} Fetching the Source data from Org (STAGE 1: all records) ...
 [11:27:00.660] {Product2} Query string: SELECT Id, Name, Family, ProductCode  FROM  Product2.
 [11:27:00.889] {Product2} Data retrieval (Source) has been completed. Got 161 new records.
 [11:27:00.890] {SBQQ__ProductFeature__c} Fetching the Source data from Org (STAGE 1: all records) ...
 [11:27:00.890] {SBQQ__ProductFeature__c} Query string: SELECT Id, Name, SBQQ__ConfiguredSKU__c, $$Name$SBQQ__ConfiguredSKU__c, SBQQ__ConfiguredSKU__r.ProductCode  FROM  SBQQ__ProductFeature__c.
 [11:27:01.124] {SBQQ__ProductFeature__c} Data retrieval (Source) has been completed. Got 26 new records.
 [11:27:01.125] {SBQQ__ProductOption__c} Fetching the Source data from Org (STAGE 1: all records) ...
 [11:27:01.126] {SBQQ__ProductOption__c} Query string: SELECT Id, Name, SBQQ__ConfiguredSKU__c, SBQQ__OptionalSKU__c, SBQQ__Feature__c, $$Name$SBQQ__ConfiguredSKU__c$SBQQ__OptionalSKU__c$SBQQ__Feature__c, SBQQ__ConfiguredSKU__r.ProductCode, SBQQ__OptionalSKU__r.ProductCode, SBQQ__Feature__r.$$Name$SBQQ__... FROM  SBQQ__ProductOption__c.
 [11:27:01.426] {SBQQ__ProductOption__c} Data retrieval (Source) has been completed. Got 81 new records.
 [11:27:01.427] Data retrieval (STAGE 1) has been completed.

 FETCHING THE DATA (STAGE 2) ...
 [11:27:01.428] PASS 1
 =============
 [11:27:01.428] No records

 [11:27:01.428] PASS 2
 =============
 [11:27:01.428] No records

 [11:27:01.429] PASS 3
 =============
 [11:27:01.429] No records

 [11:27:01.430] PASS 4
 =============
 [11:27:01.430] No records

 TARGET:
 =============
 [11:27:01.431] {Product2} Fetching the Target data from Org (STAGE 2: all records) ...
 [11:27:01.431] {Product2} Query string: SELECT Id, Name, Family, ProductCode  FROM  Product2.
 [11:27:01.716] {Product2} Data retrieval (Target) has been completed. Got 0 new records.
 [11:27:01.718] {SBQQ__ProductFeature__c} Fetching the Target data from Org (STAGE 2: all records) ...
 [11:27:01.718] {SBQQ__ProductFeature__c} Query string: SELECT Id, Name, SBQQ__ConfiguredSKU__c, $$Name$SBQQ__ConfiguredSKU__c, SBQQ__ConfiguredSKU__r.ProductCode  FROM  SBQQ__ProductFeature__c.
 [11:27:01.929] {SBQQ__ProductFeature__c} Data retrieval (Target) has been completed. Got 0 new records.
 [11:27:01.929] {SBQQ__ProductOption__c} Fetching the Target data from Org (STAGE 2: all records) ...
 [11:27:01.930] {SBQQ__ProductOption__c} Query string: SELECT Id, Name, SBQQ__ConfiguredSKU__c, SBQQ__OptionalSKU__c, SBQQ__Feature__c, $$Name$SBQQ__ConfiguredSKU__c$SBQQ__OptionalSKU__c$SBQQ__Feature__c, SBQQ__ConfiguredSKU__r.ProductCode, SBQQ__OptionalSKU__r.ProductCode, SBQQ__Feature__r.$$Name$SBQQ__... FROM  SBQQ__ProductOption__c.
 [11:27:02.121] {SBQQ__ProductOption__c} Data retrieval (Target) has been completed. Got 0 new records.
 [11:27:02.122] Data retrieval (STAGE 2) has been completed.

 TRIGGERING ADD-ON EVENTS ...
 [11:27:02.124] No Add-On modules found to run.


 DATA RETRIEVAL SUMMARY.
 [11:27:02.125] {Product2} The total amount of the retrieved records: 161/0.
 [11:27:02.125] {SBQQ__ProductFeature__c} The total amount of the retrieved records: 26/0.
 [11:27:02.125] {SBQQ__ProductOption__c} The total amount of the retrieved records: 81/0.

 UPDATING THE TARGET (STAGE 1) ...
 [11:27:02.128] {Product2} Amount of records to Insert: 161.
 [11:27:02.130] {Product2} The Insert API operation has been started using REST API.
 [11:27:02.130] [Job# REST:Insert] {Product2} The job has been created. Uploading data ...
 [11:27:03.333] {Product2} The Insert API operation has been completed.
 [11:27:03.334] {Product2} The Target has been updated. Totally processed 161 records.

 [11:27:03.336] {SBQQ__ProductFeature__c} Amount of records to Insert: 26.
 [11:27:03.336] {SBQQ__ProductFeature__c} The Insert API operation has been started using REST API.
 [11:27:03.336] [Job# REST:Insert] {SBQQ__ProductFeature__c} The job has been created. Uploading data ...
 [11:27:03.564] [WARN] [Batch# REST:Insert] {SBQQ__ProductFeature__c} Completed with issues. 26 records processed, 26 records failed.
 [11:27:03.569] {SBQQ__ProductFeature__c} The Insert API operation has been completed.
 [11:27:03.569] {SBQQ__ProductFeature__c} The Target has been updated. Totally processed 26 records.

 [11:27:03.572] [WARN] {SBQQ__ProductOption__c} 67 missing parent lookup records were found. See MissingParentRecordsReport.csv file for the details.

 [11:27:13.578] Writing to /Users/pgonzalez/Documents/apps/cpq-data/MissingParentRecordsReport.csv ...

 [11:27:13.583] [ERROR] Execution of the command has aborted by the user. 
 [11:27:13.584] [ERROR] Execution of the command sfdmu:run has been completed. Exit code 5 (COMMAND_ABORTED_BY_USER).
 [11:27:13.584] Total time elapsed: 00h 00m 24s 260ms .