
 [15:35:15.954] Execution of the command sfdmu:run has been started.

 LOADING AND VALIDATING THE EXPORT.JSON SCRIPT ...

 OBJECT SET #1 STARTED

 {
   "Running Plugin version": "4.30.0"
}
 {
   "Running Add-On API version": "1.5.0"
}

 [15:35:15.979] Loading Core Add-On Module declarations ...
 [15:35:16.23] Connecting to the CPQ2 using SFDX force:org:display ...
 [15:35:18.286] Successfully connected to the CPQ2.
 {
   "Source": "CPQ2.",
   "Target": "csvfile.",
   "Package script": "/Users/pgonzalez/Documents/apps/cpq-data/export.json."
}

 GETTING AND ANALYSING OBJECT METADATA ...
 [15:35:18.941] Processing the object Product2 ...
 [15:35:18.942] Fetching metadata of the Product2 (Source) ...
 [15:35:19.703] Processing the object SBQQ__PriceRule__c ...
 [15:35:19.705] Fetching metadata of the SBQQ__PriceRule__c (Source) ...
 [15:35:20.177] Fetching metadata of the Group (Source) ...
 [15:35:20.454] Processing the object SBQQ__PriceRule__c ...
 [15:35:20.455] Processing the object Product2 ...

 PREPARING DATA MIGRATION JOB ...
 [15:35:20.457] Building the migration strategy ...
 {
   "Order of objects to query": "Product2; SBQQ__PriceRule__c"
}
 {
   "Order of objects to delete": "SBQQ__PriceRule__c; Product2"
}
 {
   "Order of objects to update": "Product2; SBQQ__PriceRule__c"
}
 [15:35:20.459] Preparing of the data migration job has been completed.

 ANALYSING DATA...
 [15:35:20.608] {Product2} The original query string of this object is returning 1 records from the Source org.
 [15:35:20.758] {SBQQ__PriceRule__c} The original query string of this object is returning 4 records from the Source org.

 TRIGGERING ADD-ON EVENTS ...
 [15:35:20.760] No Add-On modules found to run.

 [15:35:20.760] Ready to process the data.

 DELETING OLD DATA FROM THE TARGET ...
 [15:35:20.761] {SBQQ__PriceRule__c} No records to delete.
 [15:35:20.762] {Product2} No records to delete.
 [15:35:20.762] Deleting data was skipped.

 SOURCE:
 =============

 FETCHING THE DATA (STAGE 1) ...
 [15:35:20.763] {Product2} Fetching the Source data from Org (STAGE 1: all records) ...
 [15:35:20.763] {Product2} Query string: SELECT Id, Name  FROM  Product2 WHERE Id = '01t3H000003FayU'.
 [15:35:20.883] {Product2} Data retrieval (Source) has been completed. Got 1 new records.
 [15:35:20.890] {SBQQ__PriceRule__c} Fetching the Source data from Org (STAGE 1: all records) ...
 [15:35:20.890] {SBQQ__PriceRule__c} Query string: SELECT Id, Name, $$Name$SBQQ__Product__c  FROM  SBQQ__PriceRule__c.
 [15:35:21.62] {SBQQ__PriceRule__c} Data retrieval (Source) has been completed. Got 4 new records.
 [15:35:21.63] Data retrieval (STAGE 1) has been completed.

 FETCHING THE DATA (STAGE 2) ...
 [15:35:21.64] PASS 1
 =============
 [15:35:21.65] No records

 [15:35:21.65] PASS 2
 =============
 [15:35:21.65] No records

 [15:35:21.65] PASS 3
 =============
 [15:35:21.66] No records

 [15:35:21.66] PASS 4
 =============
 [15:35:21.67] No records

 TARGET:
 =============
 [15:35:21.67] No records
 [15:35:21.67] Data retrieval (STAGE 2) has been completed.

 TRIGGERING ADD-ON EVENTS ...
 [15:35:21.68] No Add-On modules found to run.


 DATA RETRIEVAL SUMMARY.
 [15:35:21.68] {Product2} The total amount of the retrieved records: 1/0.
 [15:35:21.68] {SBQQ__PriceRule__c} The total amount of the retrieved records: 4/0.

 UPDATING THE TARGET (STAGE 1) ...
 [15:35:21.69] {Product2} Creating the file /Users/pgonzalez/Documents/apps/cpq-data/Product2.csv ...
 [15:35:21.73] {Product2} The Target has been updated. Totally processed 1 records.

 [15:35:21.73] {SBQQ__PriceRule__c} Creating the file /Users/pgonzalez/Documents/apps/cpq-data/SBQQ__PriceRule__c.csv ...
 [15:35:21.75] {SBQQ__PriceRule__c} The Target has been updated. Totally processed 4 records.


 [15:35:21.75] The Target (STAGE 1) has been updated. Totally processed 5 records.

 UPDATING THE TARGET (STAGE 2) ...

 [15:35:21.76] Nothing was updated.

 TRIGGERING ADD-ON EVENTS ...
 [15:35:21.76] No Add-On modules found to run.


 DATA PROCESSING SUMMARY.
 [15:35:21.77] {Product2} Totally processed 1 records.
 [15:35:21.77] {SBQQ__PriceRule__c} Totally processed 4 records.

 [15:35:21.77] Writing to /Users/pgonzalez/Documents/apps/cpq-data/MissingParentRecordsReport.csv ...


 TRIGGERING ADD-ON EVENTS ...
 [15:35:21.78] No Add-On modules found to run.


 [15:35:21.79] Command succeeded.
 [15:35:21.79] Execution of the command sfdmu:run has been completed. Exit code 0 (SUCCESS).
 [15:35:21.80] Total time elapsed: 00h 00m 05s 127ms .